<?xml version="1.0" encoding="UTF-8"?>
<!-- Generated by org.testng.reporters.JUnitReportReporter -->
<testsuite hostname="DESKTOP-T2FEB6M" failures="0" tests="1" name="Test1" time="0.026" errors="0" timestamp="2022-11-22T21:36:13 IST" skipped="0">
  <testcase classname="Test1" name="jsonreader" time="0.026"/>
  <system-out/>
</testsuite> <!-- Test1 -->
