<?xml version="1.0" encoding="UTF-8"?>
<!-- Generated by org.testng.reporters.JUnitReportReporter -->
<testsuite hostname="DESKTOP-T2FEB6M" failures="0" tests="1" name="Test2" time="0.025" errors="0" timestamp="2022-11-22T21:40:46 IST" skipped="0">
  <testcase classname="Test2" name="role" time="0.025"/>
  <system-out/>
</testsuite> <!-- Test2 -->
